<?xml version="1.0" encoding="UTF-8"?>
<testsuite name="commons.MCQuestionTest" tests="2" skipped="0" failures="0" errors="0" timestamp="2022-04-06T14:44:25" hostname="archsus" time="0.003">
  <properties/>
  <testcase name="noArgsConstructorTest()" classname="commons.MCQuestionTest" time="0.002"/>
  <testcase name="ConstructorTest()" classname="commons.MCQuestionTest" time="0.001"/>
  <system-out><![CDATA[]]></system-out>
  <system-err><![CDATA[]]></system-err>
</testsuite>
