<?xml version="1.0" encoding="UTF-8"?>
<testsuite name="commons.GameUpdatesPacketTest" tests="2" skipped="0" failures="0" errors="0" timestamp="2022-04-06T14:44:25" hostname="archsus" time="0.002">
  <properties/>
  <testcase name="normalConstructorTest()" classname="commons.GameUpdatesPacketTest" time="0.001"/>
  <testcase name="emptyConstructorTest()" classname="commons.GameUpdatesPacketTest" time="0.0"/>
  <system-out><![CDATA[]]></system-out>
  <system-err><![CDATA[]]></system-err>
</testsuite>
