<?xml version="1.0" encoding="UTF-8"?>
<testsuite name="commons.questions.EqualityQuestionTest" tests="2" skipped="0" failures="0" errors="0" timestamp="2022-04-06T14:44:25" hostname="archsus" time="0.002">
  <properties/>
  <testcase name="noArgsConstructorTest()" classname="commons.questions.EqualityQuestionTest" time="0.002"/>
  <testcase name="ConstructorTest()" classname="commons.questions.EqualityQuestionTest" time="0.0"/>
  <system-out><![CDATA[]]></system-out>
  <system-err><![CDATA[]]></system-err>
</testsuite>
